{"numTotalTestSuites":6,"numPassedTestSuites":6,"numFailedTestSuites":0,"numPendingTestSuites":0,"numTotalTests":10,"numPassedTests":10,"numFailedTests":0,"numPendingTests":0,"numTodoTests":0,"snapshot":{"added":0,"failure":false,"filesAdded":0,"filesRemoved":0,"filesRemovedList":[],"filesUnmatched":0,"filesUpdated":0,"matched":0,"total":0,"unchecked":0,"uncheckedKeysByFile":[],"unmatched":0,"updated":0,"didUpdate":false},"startTime":1751593518729,"success":true,"testResults":[{"assertionResults":[{"ancestorTitles":["log"],"fullName":"log throws an error","status":"passed","title":"throws an error","duration":3.0527499999999463,"failureMessages":[],"meta":{}},{"ancestorTitles":["log"],"fullName":"log throws an error showing stacktrace","status":"passed","title":"throws an error showing stacktrace","duration":0.15637500000002547,"failureMessages":[],"meta":{}},{"ancestorTitles":["log"],"fullName":"log catches an error","status":"passed","title":"catches an error","duration":0.7702909999999292,"failureMessages":[],"meta":{}},{"ancestorTitles":["log"],"fullName":"log config","status":"passed","title":"config","duration":0.17395799999997053,"failureMessages":[],"meta":{}},{"ancestorTitles":["log"],"fullName":"log config file","status":"passed","title":"config file","duration":0.30662500000005366,"failureMessages":[],"meta":{}},{"ancestorTitles":["log"],"fullName":"log levels","status":"passed","title":"levels","duration":0.22870799999998326,"failureMessages":[],"meta":{}},{"ancestorTitles":["log"],"fullName":"log context","status":"passed","title":"context","duration":0.18391599999995378,"failureMessages":[],"meta":{}}],"startTime":1751593519731,"endTime":1751593519735.3066,"status":"passed","message":"","name":"/Users/burdon/Code/dxos/dxos/packages/common/log/src/log.test.ts"},{"assertionResults":[{"ancestorTitles":["Scope capture"],"fullName":"Scope capture field instance","status":"passed","title":"field instance","duration":1.335042000000044,"failureMessages":[],"meta":{}}],"startTime":1751593519731,"endTime":1751593519732.335,"status":"passed","message":"","name":"/Users/burdon/Code/dxos/dxos/packages/common/log/src/scope.test.ts"},{"assertionResults":[{"ancestorTitles":["classes"],"fullName":"classes field instance","status":"passed","title":"field instance","duration":0.7786250000000337,"failureMessages":[],"meta":{}},{"ancestorTitles":["classes"],"fullName":"classes return values","status":"passed","title":"return values","duration":0.13941699999998036,"failureMessages":[],"meta":{}}],"startTime":1751593519731,"endTime":1751593519732.1394,"status":"passed","message":"","name":"/Users/burdon/Code/dxos/dxos/packages/common/log/src/experimental/classes.test.ts"}]}