<?xml version="1.0" encoding="UTF-8"?><testsuites name="random-access-storage firefox Tests" time="0.197" tests="25" failures="0" skipped="4">
  <testsuite name="Root Suite" timestamp="2022-10-05T22:08:03.985Z" tests="0" time="0" failures="0"></testsuite>
  <testsuite name="Tests for different storage types in different browsers" timestamp="2022-10-05T22:08:03.985Z" tests="1" time="0.002" failures="0">
    <testcase name="Tests for different storage types in different browsers Used idb by default" classname="Used idb by default" time="0.002"></testcase>
  </testsuite>
  <testsuite name="ram" timestamp="2022-10-05T22:08:03.985Z" tests="11" time="0.025" failures="0">
    <testcase name="Tests for different storage types in different browsers ram open &amp; close" classname="open &amp; close" time="0.002"></testcase>
    <testcase name="Tests for different storage types in different browsers ram open file, read &amp; write" classname="open file, read &amp; write" time="0.004"></testcase>
    <testcase name="Tests for different storage types in different browsers ram create files" classname="create files" time="0.006"></testcase>
    <testcase name="Tests for different storage types in different browsers ram reads from empty file" classname="reads from empty file" time="0.001"></testcase>
    <testcase name="Tests for different storage types in different browsers ram reopen" classname="reopen" time="0.001"></testcase>
    <testcase name="Tests for different storage types in different browsers ram reopen and check if data is the same" classname="reopen and check if data is the same" time="0.002"></testcase>
    <testcase name="Tests for different storage types in different browsers ram subdirectories" classname="subdirectories" time="0.001"></testcase>
    <testcase name="Tests for different storage types in different browsers ram write in directory/subDirectory/file" classname="write in directory/subDirectory/file" time="0.001"></testcase>
    <testcase name="Tests for different storage types in different browsers ram delete file" classname="delete file" time="0.002"></testcase>
    <testcase name="Tests for different storage types in different browsers ram delete directory" classname="delete directory" time="0.002"></testcase>
    <testcase name="Tests for different storage types in different browsers ram truncate file" classname="truncate file" time="0.003"></testcase>
  </testsuite>
  <testsuite name="idb" timestamp="2022-10-05T22:08:03.985Z" tests="9" time="0.107" failures="0">
    <testcase name="Tests for different storage types in different browsers idb open &amp; close" classname="open &amp; close" time="0"></testcase>
    <testcase name="Tests for different storage types in different browsers idb open file, read &amp; write" classname="open file, read &amp; write" time="0.033"></testcase>
    <testcase name="Tests for different storage types in different browsers idb create files" classname="create files" time="0.056"></testcase>
    <testcase name="Tests for different storage types in different browsers idb reads from empty file" classname="reads from empty file" time="0.002"></testcase>
    <testcase name="Tests for different storage types in different browsers idb reopen" classname="reopen" time="0.004"></testcase>
    <testcase name="Tests for different storage types in different browsers idb reopen and check if data is the same" classname="reopen and check if data is the same" time="0.003"></testcase>
    <testcase name="Tests for different storage types in different browsers idb subdirectories" classname="subdirectories" time="0.005"></testcase>
    <testcase name="Tests for different storage types in different browsers idb write in directory/subDirectory/file" classname="write in directory/subDirectory/file" time="0.002"></testcase>
    <testcase name="Tests for different storage types in different browsers idb delete directory" classname="delete directory" time="0.002"></testcase>
  </testsuite>
</testsuites>
