<?xml version="1.0" encoding="UTF-8"?>
<testsuites name="random-access-storage nodejs Tests" time="0.125" tests="30" failures="0" skipped="4">
  <testsuite name="Root Suite" timestamp="2022-10-05T22:08:00" tests="0" time="0.000" failures="0">
  </testsuite>
  <testsuite name="testing node storage types" timestamp="2022-10-05T22:08:00" tests="6" file="/home/jdw/Code/dxos/protocols/packages/common/random-access-storage/src/node/storage.test.ts" time="0.000" failures="0">
    <testcase name="testing node storage types create storage with node file by default" time="0.001" classname="create storage with node file by default">
    </testcase>
    <testcase name="testing node storage types create file" time="0.004" classname="create file">
    </testcase>
    <testcase name="testing node storage types delete directory" time="0.002" classname="delete directory">
    </testcase>
    <testcase name="testing node storage types destroy storage" time="0.006" classname="destroy storage">
    </testcase>
    <testcase name="testing node storage types should throw an assert error if invalid type for platform" time="0.015" classname="should throw an assert error if invalid type for platform">
    </testcase>
    <testcase name="testing node storage types file exists and destroyes in subDirectory" time="0.030" classname="file exists and destroyes in subDirectory">
    </testcase>
  </testsuite>
  <testsuite name="ram" timestamp="2022-10-05T22:08:01" tests="12" file="/home/jdw/Code/dxos/protocols/packages/common/random-access-storage/src/node/storage.test.ts" time="0.021" failures="0">
    <testcase name="testing node storage types ram open &amp; close" time="0.001" classname="open &amp; close">
    </testcase>
    <testcase name="testing node storage types ram open file, read &amp; write" time="0.003" classname="open file, read &amp; write">
    </testcase>
    <testcase name="testing node storage types ram create files" time="0.004" classname="create files">
    </testcase>
    <testcase name="testing node storage types ram reads from empty file" time="0.001" classname="reads from empty file">
    </testcase>
    <testcase name="testing node storage types ram reopen" time="0.001" classname="reopen">
    </testcase>
    <testcase name="testing node storage types ram reopen and check if data is the same" time="0.002" classname="reopen and check if data is the same">
    </testcase>
    <testcase name="testing node storage types ram subdirectories" time="0.001" classname="subdirectories">
    </testcase>
    <testcase name="testing node storage types ram write in directory/subDirectory/file" time="0.001" classname="write in directory/subDirectory/file">
    </testcase>
    <testcase name="testing node storage types ram delete file" time="0.001" classname="delete file">
    </testcase>
    <testcase name="testing node storage types ram delete directory" time="0.001" classname="delete directory">
    </testcase>
    <testcase name="testing node storage types ram truncate file" time="0.002" classname="truncate file">
    </testcase>
  </testsuite>
  <testsuite name="node" timestamp="2022-10-05T22:08:01" tests="12" file="/home/jdw/Code/dxos/protocols/packages/common/random-access-storage/src/node/storage.test.ts" time="0.029" failures="0">
    <testcase name="testing node storage types node open &amp; close" time="0.001" classname="open &amp; close">
    </testcase>
    <testcase name="testing node storage types node open file, read &amp; write" time="0.002" classname="open file, read &amp; write">
    </testcase>
    <testcase name="testing node storage types node create files" time="0.005" classname="create files">
    </testcase>
    <testcase name="testing node storage types node reopen" time="0.001" classname="reopen">
    </testcase>
    <testcase name="testing node storage types node reopen and check if data is the same" time="0.001" classname="reopen and check if data is the same">
    </testcase>
    <testcase name="testing node storage types node subdirectories" time="0.001" classname="subdirectories">
    </testcase>
    <testcase name="testing node storage types node write in directory/subDirectory/file" time="0.000" classname="write in directory/subDirectory/file">
    </testcase>
    <testcase name="testing node storage types node delete directory" time="0.001" classname="delete directory">
    </testcase>
    <testcase name="testing node storage types node truncate file" time="0.001" classname="truncate file">
    </testcase>
  </testsuite>
</testsuites>