{"numTotalTestSuites":1,"numPassedTestSuites":1,"numFailedTestSuites":0,"numPendingTestSuites":0,"numTotalTests":1,"numPassedTests":1,"numFailedTests":0,"numPendingTests":0,"numTodoTests":0,"snapshot":{"added":0,"failure":false,"filesAdded":0,"filesRemoved":0,"filesRemovedList":[],"filesUnmatched":0,"filesUpdated":0,"matched":0,"total":0,"unchecked":0,"uncheckedKeysByFile":[],"unmatched":0,"updated":0,"didUpdate":false},"startTime":1751593639053,"success":true,"testResults":[{"assertionResults":[{"ancestorTitles":[],"fullName":"expectToThrow","status":"passed","title":"expectToThrow","duration":100.59720799999991,"failureMessages":[],"meta":{}}],"startTime":1751593639691,"endTime":1751593639791.5972,"status":"passed","message":"","name":"/Users/burdon/Code/dxos/dxos/packages/common/debug/src/throw.test.ts"}]}