{"numTotalTestSuites":4,"numPassedTestSuites":4,"numFailedTestSuites":0,"numPendingTestSuites":0,"numTotalTests":10,"numPassedTests":10,"numFailedTests":0,"numPendingTests":0,"numTodoTests":0,"snapshot":{"added":0,"failure":false,"filesAdded":0,"filesRemoved":0,"filesRemovedList":[],"filesUnmatched":0,"filesUpdated":0,"matched":0,"total":0,"unchecked":0,"uncheckedKeysByFile":[],"unmatched":0,"updated":0,"didUpdate":false},"startTime":1751593640501,"success":true,"testResults":[{"assertionResults":[{"ancestorTitles":[],"fullName":"identity-did","status":"passed","title":"identity-did","duration":3.368708999999967,"failureMessages":[],"meta":{}}],"startTime":1751593640848,"endTime":1751593640851.3687,"status":"passed","message":"","name":"/Users/burdon/Code/dxos/dxos/packages/common/keys/src/identity-did.test.ts"},{"assertionResults":[{"ancestorTitles":["PublicKey"],"fullName":"PublicKey Basic key operations","status":"passed","title":"Basic key operations","duration":3.100666999999987,"failureMessages":[],"meta":{}},{"ancestorTitles":["PublicKey"],"fullName":"PublicKey formatting","status":"passed","title":"formatting","duration":0.2183750000000373,"failureMessages":[],"meta":{}},{"ancestorTitles":["PublicKey"],"fullName":"PublicKey asBuffer","status":"passed","title":"asBuffer","duration":0.20891699999998536,"failureMessages":[],"meta":{}},{"ancestorTitles":["PublicKey"],"fullName":"PublicKey asUint8Array","status":"passed","title":"asUint8Array","duration":0.192875000000015,"failureMessages":[],"meta":{}},{"ancestorTitles":["PublicKey"],"fullName":"PublicKey from","status":"passed","title":"from","duration":0.20358299999998053,"failureMessages":[],"meta":{}},{"ancestorTitles":["PublicKey"],"fullName":"PublicKey equals","status":"passed","title":"equals","duration":0.13929200000001174,"failureMessages":[],"meta":{}},{"ancestorTitles":["PublicKey"],"fullName":"PublicKey expect equality","status":"passed","title":"expect equality","duration":0.08062499999999773,"failureMessages":[],"meta":{}},{"ancestorTitles":["PublicKey"],"fullName":"PublicKey base32","status":"passed","title":"base32","duration":0.3197499999999991,"failureMessages":[],"meta":{}}],"startTime":1751593640850,"endTime":1751593640854.3198,"status":"passed","message":"","name":"/Users/burdon/Code/dxos/dxos/packages/common/keys/src/public-key.test.ts"},{"assertionResults":[{"ancestorTitles":[],"fullName":"space-id","status":"passed","title":"space-id","duration":3.4739999999999895,"failureMessages":[],"meta":{}}],"startTime":1751593641039,"endTime":1751593641042.474,"status":"passed","message":"","name":"/Users/burdon/Code/dxos/dxos/packages/common/keys/src/space-id.test.ts"}]}