{"numTotalTestSuites":2,"numPassedTestSuites":2,"numFailedTestSuites":0,"numPendingTestSuites":0,"numTotalTests":2,"numPassedTests":2,"numFailedTests":0,"numPendingTests":0,"numTodoTests":0,"snapshot":{"added":0,"failure":false,"filesAdded":0,"filesRemoved":0,"filesRemovedList":[],"filesUnmatched":0,"filesUpdated":0,"matched":0,"total":0,"unchecked":0,"uncheckedKeysByFile":[],"unmatched":0,"updated":0,"didUpdate":false},"startTime":1751593639042,"success":true,"testResults":[{"assertionResults":[{"ancestorTitles":["errors"],"fullName":"errors error code and message, cause","status":"passed","title":"error code and message, cause","duration":1.1880840000000035,"failureMessages":[],"meta":{}},{"ancestorTitles":["errors"],"fullName":"errors error formatting","status":"passed","title":"error formatting","duration":1.7611670000000004,"failureMessages":[],"meta":{}}],"startTime":1751593639685,"endTime":1751593639687.7612,"status":"passed","message":"","name":"/Users/burdon/Code/dxos/dxos/packages/common/errors/src/errors.test.ts"}]}