{"numTotalTestSuites":2,"numPassedTestSuites":2,"numFailedTestSuites":0,"numPendingTestSuites":0,"numTotalTests":1,"numPassedTests":1,"numFailedTests":0,"numPendingTests":0,"numTodoTests":0,"snapshot":{"added":0,"failure":false,"filesAdded":0,"filesRemoved":0,"filesRemovedList":[],"filesUnmatched":0,"filesUpdated":0,"matched":0,"total":0,"unchecked":0,"uncheckedKeysByFile":[],"unmatched":0,"updated":0,"didUpdate":false},"startTime":1751593639055,"success":true,"testResults":[{"assertionResults":[{"ancestorTitles":["Untracked"],"fullName":"Untracked Nested `untracked` does not cause effect to run","status":"passed","title":"Nested `untracked` does not cause effect to run","duration":0.8061249999999518,"failureMessages":[],"meta":{}}],"startTime":1751593639722,"endTime":1751593639722.8062,"status":"passed","message":"","name":"/Users/burdon/Code/dxos/dxos/packages/core/echo/echo-signals/src/untracked.test.ts"}]}