{"numTotalTestSuites":4,"numPassedTestSuites":4,"numFailedTestSuites":0,"numPendingTestSuites":0,"numTotalTests":4,"numPassedTests":4,"numFailedTests":0,"numPendingTests":0,"numTodoTests":0,"snapshot":{"added":0,"failure":false,"filesAdded":0,"filesRemoved":0,"filesRemovedList":[],"filesUnmatched":0,"filesUpdated":0,"matched":0,"total":0,"unchecked":0,"uncheckedKeysByFile":[],"unmatched":0,"updated":0,"didUpdate":false},"startTime":1751593651310,"success":true,"testResults":[{"assertionResults":[{"ancestorTitles":[],"fullName":"Create id is unique","status":"passed","title":"Create id is unique","duration":0.8715000000000259,"failureMessages":[],"meta":{}},{"ancestorTitles":["verify"],"fullName":"verify success","status":"passed","title":"success","duration":0.27558299999998326,"failureMessages":[],"meta":{}},{"ancestorTitles":["verify"],"fullName":"verify failure","status":"passed","title":"failure","duration":0.17808299999995825,"failureMessages":[],"meta":{}}],"startTime":1751593651814,"endTime":1751593651816.178,"status":"passed","message":"","name":"/Users/burdon/Code/dxos/dxos/packages/common/crypto/src/keys.test.ts"},{"assertionResults":[{"ancestorTitles":["verify"],"fullName":"verify keypair conversion","status":"passed","title":"keypair conversion","duration":3.198291999999981,"failureMessages":[],"meta":{}}],"startTime":1751593651824,"endTime":1751593651827.1982,"status":"passed","message":"","name":"/Users/burdon/Code/dxos/dxos/packages/common/crypto/src/verify.test.ts"}]}